-- west build: generating a build system
-- Application: /home/abhinav/zephyrproject/zephyr/samples/modules/tflite-micro/testing
-- CMake version: 3.22.1
-- Cache files will be written to: /home/abhinav/.cache/zephyr
-- Zephyr version: 4.1.99 (/home/abhinav/zephyrproject/zephyr)
-- Found west (found suitable version "1.3.0", minimum required is "0.14.0")
-- Board: qemu_xtensa, qualifiers: dc233c
-- Found host-tools: zephyr 0.17.0 (/home/abhinav/zephyr-sdk-0.17.0)
-- Found toolchain: zephyr 0.17.0 (/home/abhinav/zephyr-sdk-0.17.0)
-- Found BOARD.dts: /home/abhinav/zephyrproject/zephyr/boards/qemu/xtensa/qemu_xtensa_dc233c.dts
-- Generated zephyr.dts: /home/abhinav/zephyrproject/zephyr/samples/modules/tflite-micro/testing/build/zephyr/zephyr.dts
-- Generated pickled edt: /home/abhinav/zephyrproject/zephyr/samples/modules/tflite-micro/testing/build/zephyr/edt.pickle
-- Generated devicetree_generated.h: /home/abhinav/zephyrproject/zephyr/samples/modules/tflite-micro/testing/build/zephyr/include/generated/zephyr/devicetree_generated.h
-- Including generated dts.cmake file: /home/abhinav/zephyrproject/zephyr/samples/modules/tflite-micro/testing/build/zephyr/dts.cmake
Parsing /home/abhinav/zephyrproject/zephyr/Kconfig
Loaded configuration '/home/abhinav/zephyrproject/zephyr/samples/modules/tflite-micro/testing/build/zephyr/.config'
No change to configuration in '/home/abhinav/zephyrproject/zephyr/samples/modules/tflite-micro/testing/build/zephyr/.config'
No change to Kconfig header in '/home/abhinav/zephyrproject/zephyr/samples/modules/tflite-micro/testing/build/zephyr/include/generated/zephyr/autoconf.h'
-- Configuring done
-- Generating done
-- Build files have been written to: /home/abhinav/zephyrproject/zephyr/samples/modules/tflite-micro/testing/build
-- west build: building application
[1/8] cd /home/abhinav/zephyrproject/zephyr/samples/modules/tflite-micro/testing/build/zephyr && /usr/bin/python3 /home/abhinav/zephyrproject/zephyr/scripts/build/parse_syscalls.py --scan /home/abhinav/zephyrproject/zephyr/include --scan /home/abhinav/zephyrproject/zephyr/drivers --scan /home/abhinav/zephyrproject/zephyr/subsys/net --json-file /home/abhinav/zephyrproject/zephyr/samples/modules/tflite-micro/testing/build/zephyr/misc/generated/syscalls.json --tag-struct-file /home/abhinav/zephyrproject/zephyr/samples/modules/tflite-micro/testing/build/zephyr/misc/generated/struct_tags.json --file-list /home/abhinav/zephyrproject/zephyr/samples/modules/tflite-micro/testing/build/zephyr/misc/generated/syscalls_file_list.txt
[2/7] cd /home/abhinav/zephyrproject/zephyr/samples/modules/tflite-micro/testing/build/zephyr && /home/abhinav/zephyr-sdk-0.17.0/xtensa-dc233c_zephyr-elf/bin/xtensa-dc233c_zephyr-elf-gcc -x assembler-with-cpp -undef -MD -MF linker_zephyr_pre0.cmd.dep -MT linker_zephyr_pre0.cmd -D_LINKER -D_ASMLANGUAGE -D__GCC_LINKER_CMD__ -imacros /home/abhinav/zephyrproject/zephyr/samples/modules/tflite-micro/testing/build/zephyr/include/generated/zephyr/autoconf.h -I/home/abhinav/zephyrproject/zephyr/samples/modules/tflite-micro/testing/build/zephyr/include/generated/zephyr -I/home/abhinav/zephyrproject/zephyr/include -I/home/abhinav/zephyrproject/zephyr/samples/modules/tflite-micro/testing/build/zephyr/include/generated -I/home/abhinav/zephyrproject/zephyr/soc/cdns/dc233c -I/home/abhinav/zephyrproject/zephyr/lib/libc/common/include -I/home/abhinav/zephyrproject/zephyr/soc/cdns/dc233c/include -I/home/abhinav/zephyrproject/optional/modules/lib/tflite-micro/. -I/home/abhinav/zephyrproject/optional/modules/lib/tflite-micro/third_party_static/gemmlowp -I/home/abhinav/zephyrproject/optional/modules/lib/tflite-micro/third_party_static/flatbuffers/include -I/home/abhinav/zephyrproject/optional/modules/lib/tflite-micro/third_party_static/ruy -I/home/abhinav/zephyrproject/optional/modules/lib/tflite-micro/third_party_static/kissfft -I/home/abhinav/zephyrproject/modules/hal/xtensa/include -I/home/abhinav/zephyrproject/modules/hal/xtensa/XTENSA_HAL -I/home/abhinav/zephyrproject/modules/hal/xtensa/zephyr/soc/dc233c/ -I/home/abhinav/zephyrproject/zephyr/soc/cdns/dc233c/include -DLINKER_ZEPHYR_PREBUILT -E /home/abhinav/zephyrproject/zephyr/soc/cdns/dc233c/include/xtensa-dc233c.ld -P -o linker_zephyr_pre0.cmd && /usr/bin/cmake -E cmake_transform_depfile Ninja gccdepfile /home/abhinav/zephyrproject/zephyr/samples/modules/tflite-micro/testing /home/abhinav/zephyrproject/zephyr /home/abhinav/zephyrproject/zephyr/samples/modules/tflite-micro/testing/build /home/abhinav/zephyrproject/zephyr/samples/modules/tflite-micro/testing/build/zephyr /home/abhinav/zephyrproject/zephyr/samples/modules/tflite-micro/testing/build/zephyr/linker_zephyr_pre0.cmd.dep /home/abhinav/zephyrproject/zephyr/samples/modules/tflite-micro/testing/build/CMakeFiles/d/465f2c3b1274276fb293242616767eba61184ce38e24456c251dd4862ff296d9.d
[3/7] : && /home/abhinav/zephyr-sdk-0.17.0/xtensa-dc233c_zephyr-elf/bin/xtensa-dc233c_zephyr-elf-g++  -gdwarf-4 zephyr/CMakeFiles/zephyr_pre0.dir/misc/empty_file.c.obj -o zephyr/zephyr_pre0.elf  zephyr/CMakeFiles/offsets.dir/./arch/xtensa/core/offsets/offsets.c.obj  -T  zephyr/linker_zephyr_pre0.cmd  -Wl,-Map=/home/abhinav/zephyrproject/zephyr/samples/modules/tflite-micro/testing/build/zephyr/zephyr_pre0.map  -Wl,--whole-archive  app/libapp.a  zephyr/libzephyr.a  zephyr/arch/common/libarch__common.a  zephyr/arch/arch/xtensa/core/libarch__xtensa__core.a  zephyr/arch/arch/xtensa/core/startup/libarch__xtensa__core__startup.a  zephyr/lib/libc/picolibc/liblib__libc__picolibc.a  zephyr/lib/libc/common/liblib__libc__common.a  zephyr/drivers/console/libdrivers__console.a  zephyr/drivers/timer/libdrivers__timer.a  modules/tflite-micro/libmodules__tflite-micro.a  modules/xtensa/libmodules_xtensa_hal.a  -Wl,--no-whole-archive  zephyr/kernel/libkernel.a  -L/home/abhinav/zephyrproject/zephyr/samples/modules/tflite-micro/testing/build/zephyr  zephyr/arch/common/libisr_tables.a  -fuse-ld=bfd  -Wl,--gc-sections  -Wl,--build-id=none  -Wl,--sort-common=descending  -Wl,--sort-section=alignment  -Wl,-u,_OffsetAbsSyms  -Wl,-u,_ConfigAbsSyms  -nostdlib  -static  -Wl,-X  -Wl,-N  -Wl,--orphan-handling=warn  -Wl,-no-pie  -specs=picolibc.specs  -DPICOLIBC_DOUBLE_PRINTF_SCANF -L"/home/abhinav/zephyr-sdk-0.17.0/xtensa-dc233c_zephyr-elf/bin/../lib/gcc/xtensa-dc233c_zephyr-elf/12.2.0" -lstdc++ -lc -lgcc && cd /home/abhinav/zephyrproject/zephyr/samples/modules/tflite-micro/testing/build/zephyr && /usr/bin/cmake -E true
FAILED: zephyr/zephyr_pre0.elf zephyr/zephyr_pre0.map /home/abhinav/zephyrproject/zephyr/samples/modules/tflite-micro/testing/build/zephyr/zephyr_pre0.map 
: && /home/abhinav/zephyr-sdk-0.17.0/xtensa-dc233c_zephyr-elf/bin/xtensa-dc233c_zephyr-elf-g++  -gdwarf-4 zephyr/CMakeFiles/zephyr_pre0.dir/misc/empty_file.c.obj -o zephyr/zephyr_pre0.elf  zephyr/CMakeFiles/offsets.dir/./arch/xtensa/core/offsets/offsets.c.obj  -T  zephyr/linker_zephyr_pre0.cmd  -Wl,-Map=/home/abhinav/zephyrproject/zephyr/samples/modules/tflite-micro/testing/build/zephyr/zephyr_pre0.map  -Wl,--whole-archive  app/libapp.a  zephyr/libzephyr.a  zephyr/arch/common/libarch__common.a  zephyr/arch/arch/xtensa/core/libarch__xtensa__core.a  zephyr/arch/arch/xtensa/core/startup/libarch__xtensa__core__startup.a  zephyr/lib/libc/picolibc/liblib__libc__picolibc.a  zephyr/lib/libc/common/liblib__libc__common.a  zephyr/drivers/console/libdrivers__console.a  zephyr/drivers/timer/libdrivers__timer.a  modules/tflite-micro/libmodules__tflite-micro.a  modules/xtensa/libmodules_xtensa_hal.a  -Wl,--no-whole-archive  zephyr/kernel/libkernel.a  -L/home/abhinav/zephyrproject/zephyr/samples/modules/tflite-micro/testing/build/zephyr  zephyr/arch/common/libisr_tables.a  -fuse-ld=bfd  -Wl,--gc-sections  -Wl,--build-id=none  -Wl,--sort-common=descending  -Wl,--sort-section=alignment  -Wl,-u,_OffsetAbsSyms  -Wl,-u,_ConfigAbsSyms  -nostdlib  -static  -Wl,-X  -Wl,-N  -Wl,--orphan-handling=warn  -Wl,-no-pie  -specs=picolibc.specs  -DPICOLIBC_DOUBLE_PRINTF_SCANF -L"/home/abhinav/zephyr-sdk-0.17.0/xtensa-dc233c_zephyr-elf/bin/../lib/gcc/xtensa-dc233c_zephyr-elf/12.2.0" -lstdc++ -lc -lgcc && cd /home/abhinav/zephyrproject/zephyr/samples/modules/tflite-micro/testing/build/zephyr && /usr/bin/cmake -E true
/home/abhinav/zephyr-sdk-0.17.0/xtensa-dc233c_zephyr-elf/bin/../lib/gcc/xtensa-dc233c_zephyr-elf/12.2.0/../../../../xtensa-dc233c_zephyr-elf/bin/ld.bfd: app/libapp.a(feature_provider.cc.obj):(.literal._ZN15FeatureProvider19PopulateFeatureDataEiiPi+0x10): undefined reference to `GetAudioSamples(int, int, int*, short**)'
/home/abhinav/zephyr-sdk-0.17.0/xtensa-dc233c_zephyr-elf/bin/../lib/gcc/xtensa-dc233c_zephyr-elf/12.2.0/../../../../xtensa-dc233c_zephyr-elf/bin/ld.bfd: app/libapp.a(feature_provider.cc.obj): in function `FeatureProvider::PopulateFeatureData(int, int, int*)':
/home/abhinav/zephyrproject/zephyr/samples/modules/tflite-micro/testing/src/feature_provider.cc:92: undefined reference to `GetAudioSamples(int, int, int*, short**)'
/home/abhinav/zephyr-sdk-0.17.0/xtensa-dc233c_zephyr-elf/bin/../lib/gcc/xtensa-dc233c_zephyr-elf/12.2.0/../../../../xtensa-dc233c_zephyr-elf/bin/ld.bfd: app/libapp.a(micro_feature_generator.cc.obj):(.literal._Z11RegisterOpsRN6tflite22MicroMutableOpResolverILj18EEE+0x44): undefined reference to `tflite::tflm_signal::Register_FFT_AUTO_SCALE()'
/home/abhinav/zephyr-sdk-0.17.0/xtensa-dc233c_zephyr-elf/bin/../lib/gcc/xtensa-dc233c_zephyr-elf/12.2.0/../../../../xtensa-dc233c_zephyr-elf/bin/ld.bfd: app/libapp.a(micro_feature_generator.cc.obj):(.literal._Z11RegisterOpsRN6tflite22MicroMutableOpResolverILj18EEE+0x48): undefined reference to `tflite::tflm_signal::Register_FILTER_BANK()'
/home/abhinav/zephyr-sdk-0.17.0/xtensa-dc233c_zephyr-elf/bin/../lib/gcc/xtensa-dc233c_zephyr-elf/12.2.0/../../../../xtensa-dc233c_zephyr-elf/bin/ld.bfd: app/libapp.a(micro_feature_generator.cc.obj):(.literal._Z11RegisterOpsRN6tflite22MicroMutableOpResolverILj18EEE+0x4c): undefined reference to `tflite::tflm_signal::Register_FILTER_BANK_SQUARE_ROOT()'
/home/abhinav/zephyr-sdk-0.17.0/xtensa-dc233c_zephyr-elf/bin/../lib/gcc/xtensa-dc233c_zephyr-elf/12.2.0/../../../../xtensa-dc233c_zephyr-elf/bin/ld.bfd: app/libapp.a(micro_feature_generator.cc.obj):(.literal._Z11RegisterOpsRN6tflite22MicroMutableOpResolverILj18EEE+0x50): undefined reference to `tflite::tflm_signal::Register_FILTER_BANK_SPECTRAL_SUBTRACTION()'
/home/abhinav/zephyr-sdk-0.17.0/xtensa-dc233c_zephyr-elf/bin/../lib/gcc/xtensa-dc233c_zephyr-elf/12.2.0/../../../../xtensa-dc233c_zephyr-elf/bin/ld.bfd: app/libapp.a(micro_feature_generator.cc.obj):(.literal._Z11RegisterOpsRN6tflite22MicroMutableOpResolverILj18EEE+0x54): undefined reference to `tflite::tflm_signal::Register_PCAN()'
/home/abhinav/zephyr-sdk-0.17.0/xtensa-dc233c_zephyr-elf/bin/../lib/gcc/xtensa-dc233c_zephyr-elf/12.2.0/../../../../xtensa-dc233c_zephyr-elf/bin/ld.bfd: app/libapp.a(micro_feature_generator.cc.obj):(.literal._Z11RegisterOpsRN6tflite22MicroMutableOpResolverILj18EEE+0x58): undefined reference to `tflite::tflm_signal::Register_FILTER_BANK_LOG()'
/home/abhinav/zephyr-sdk-0.17.0/xtensa-dc233c_zephyr-elf/bin/../lib/gcc/xtensa-dc233c_zephyr-elf/12.2.0/../../../../xtensa-dc233c_zephyr-elf/bin/ld.bfd: app/libapp.a(micro_feature_generator.cc.obj):(.literal._Z23InitializeMicroFeaturesv+0x4): undefined reference to `g_audio_preprocessor_int8_model_data'
/home/abhinav/zephyr-sdk-0.17.0/xtensa-dc233c_zephyr-elf/bin/../lib/gcc/xtensa-dc233c_zephyr-elf/12.2.0/../../../../xtensa-dc233c_zephyr-elf/bin/ld.bfd: app/libapp.a(micro_feature_generator.cc.obj): in function `tflite::MicroMutableOpResolver<18u>::AddMinimum(TFLMRegistration const&)':
/home/abhinav/zephyrproject/optional/modules/lib/tflite-micro/./tensorflow/lite/micro/micro_mutable_op_resolver.h:443: undefined reference to `tflite::tflm_signal::Register_FFT_AUTO_SCALE()'
/home/abhinav/zephyr-sdk-0.17.0/xtensa-dc233c_zephyr-elf/bin/../lib/gcc/xtensa-dc233c_zephyr-elf/12.2.0/../../../../xtensa-dc233c_zephyr-elf/bin/ld.bfd: app/libapp.a(micro_feature_generator.cc.obj): in function `tflite::MicroMutableOpResolver<18u>::AddWindow()':
/home/abhinav/zephyrproject/optional/modules/lib/tflite-micro/./tensorflow/lite/micro/micro_mutable_op_resolver.h:660: undefined reference to `tflite::tflm_signal::Register_FILTER_BANK()'
/home/abhinav/zephyr-sdk-0.17.0/xtensa-dc233c_zephyr-elf/bin/../lib/gcc/xtensa-dc233c_zephyr-elf/12.2.0/../../../../xtensa-dc233c_zephyr-elf/bin/ld.bfd: app/libapp.a(micro_feature_generator.cc.obj): in function `tflite::MicroMutableOpResolver<18u>::AddFftAutoScale()':
/home/abhinav/zephyrproject/optional/modules/lib/tflite-micro/./tensorflow/lite/micro/micro_mutable_op_resolver.h:276: undefined reference to `tflite::tflm_signal::Register_FILTER_BANK_SQUARE_ROOT()'
/home/abhinav/zephyr-sdk-0.17.0/xtensa-dc233c_zephyr-elf/bin/../lib/gcc/xtensa-dc233c_zephyr-elf/12.2.0/../../../../xtensa-dc233c_zephyr-elf/bin/ld.bfd: app/libapp.a(micro_feature_generator.cc.obj): in function `tflite::MicroMutableOpResolver<18u>::AddRfft(TFLMRegistration const*)':
/home/abhinav/zephyrproject/optional/modules/lib/tflite-micro/./tensorflow/lite/micro/micro_mutable_op_resolver.h:531: undefined reference to `tflite::tflm_signal::Register_FILTER_BANK_SPECTRAL_SUBTRACTION()'
/home/abhinav/zephyr-sdk-0.17.0/xtensa-dc233c_zephyr-elf/bin/../lib/gcc/xtensa-dc233c_zephyr-elf/12.2.0/../../../../xtensa-dc233c_zephyr-elf/bin/ld.bfd: app/libapp.a(micro_feature_generator.cc.obj): in function `tflite::MicroMutableOpResolver<18u>::AddEnergy()':
/home/abhinav/zephyrproject/optional/modules/lib/tflite-micro/./tensorflow/lite/micro/micro_mutable_op_resolver.h:246: undefined reference to `tflite::tflm_signal::Register_PCAN()'
/home/abhinav/zephyr-sdk-0.17.0/xtensa-dc233c_zephyr-elf/bin/../lib/gcc/xtensa-dc233c_zephyr-elf/12.2.0/../../../../xtensa-dc233c_zephyr-elf/bin/ld.bfd: app/libapp.a(micro_feature_generator.cc.obj): in function `tflite::MicroMutableOpResolver<18u>::AddFilterBank()':
/home/abhinav/zephyrproject/optional/modules/lib/tflite-micro/./tensorflow/lite/micro/micro_mutable_op_resolver.h:287: undefined reference to `tflite::tflm_signal::Register_FILTER_BANK_LOG()'
/home/abhinav/zephyr-sdk-0.17.0/xtensa-dc233c_zephyr-elf/bin/../lib/gcc/xtensa-dc233c_zephyr-elf/12.2.0/../../../../xtensa-dc233c_zephyr-elf/bin/ld.bfd: app/libapp.a(energy.cc.obj):(.literal._ZN6tflite12_GLOBAL__N_110EnergyEvalEP13TfLiteContextP10TfLiteNode+0x0): undefined reference to `tflite::tflm_signal::SpectrumToEnergy(Complex<short> const*, int, int, unsigned int*)'
/home/abhinav/zephyr-sdk-0.17.0/xtensa-dc233c_zephyr-elf/bin/../lib/gcc/xtensa-dc233c_zephyr-elf/12.2.0/../../../../xtensa-dc233c_zephyr-elf/bin/ld.bfd: app/libapp.a(energy.cc.obj): in function `tflite::(anonymous namespace)::EnergyEval(TfLiteContext*, TfLiteNode*)':
/home/abhinav/zephyrproject/optional/modules/lib/tflite-micro/signal/micro/kernels/energy.cc:98: undefined reference to `tflite::tflm_signal::SpectrumToEnergy(Complex<short> const*, int, int, unsigned int*)'
collect2: error: ld returned 1 exit status
ninja: build stopped: subcommand failed.
